[?1h=
                                              < M A T L A B (R) >
                                    Copyright 1984-2019 The MathWorks, Inc.
                               R2019b Update 4 (9.7.0.1296695) 64-bit (glnxa64)
                                               January 20, 2020

 
To get started, type doc.
For product information, visit www.mathworks.com.
 

filepath =

    '/nscratch/ikalash/acme_scratch/sandiatoss3/master.A_WCYCL1850.ne4_oQU240.sensitivity_102/run/'


fileroot =

    'master.A_WCYCL1850.ne4_oQU240.sensitivity_102.cam.h0.'


name =

    'ncol'


ncol =

   866


name =

    'ilev'


nlev =

    73


year =

   676


year =

   677


year =

   678


year =

   679


year =

   680


year =

   681


year =

   682


year =

   683


year =

   684


year =

   685


year =

   686


year =

   687


year =

   688


year =

   689


year =

   690


year =

   691


year =

   692


year =

   693


year =

   694


year =

   695


year =

   696


year =

   697


year =

   698


year =

   699


year =

   700


year =

   701


year =

   702


year =

   703


year =

   704


year =

   705


year =

   706


year =

   707


year =

   708


year =

   709


year =

   710


year =

   711


year =

   712


year =

   713


year =

   714


year =

   715


year =

   716


year =

   717


year =

   718


year =

   719


year =

   720


year =

   721


year =

   722


year =

   723


year =

   724


year =

   725


year =

   726


year =

   727


year =

   728


year =

   729


year =

   730


year =

   731


year =

   732


year =

   733


year =

   734


year =

   735


year =

   736


year =

   737


year =

   738


year =

   739


year =

   740


year =

   741


year =

   742


year =

   743


year =

   744


year =

   745


year =

   746


year =

   747


year =

   748


year =

   749


year =

   750


year =

   751


year =

   752


year =

   753


year =

   754


year =

   755


year =

   756


year =

   757


year =

   758


year =

   759


year =

   760


year =

   761


year =

   762


year =

   763


year =

   764


year =

   765


year =

   766


year =

   767


year =

   768


year =

   769


year =

   770


year =

   771


year =

   772


year =

   773


year =

   774


year =

   775


iyear1 =

   100


iyear2 =

   100


iyear3 =

   100

[?1l>